#
# There is insufficient memory for the Java Runtime Environment to continue.
# Native memory allocation (mmap) failed to map 536870912 bytes for G1 virtual space
# Possible reasons:
#   The system is out of physical RAM or swap space
#   The process is running with CompressedOops enabled, and the Java Heap may be blocking the growth of the native heap
# Possible solutions:
#   Reduce memory load on the system
#   Increase physical memory or swap space
#   Check if swap backing store is full
#   Decrease Java heap size (-Xmx/-Xms)
#   Decrease number of Java threads
#   Decrease Java thread stack sizes (-Xss)
#   Set larger code cache with -XX:ReservedCodeCacheSize=
#   JVM is running with Zero Based Compressed Oops mode in which the Java heap is
#     placed in the first 32GB address space. The Java Heap base address is the
#     maximum limit for the native heap growth. Please use -XX:HeapBaseMinAddress
#     to set the Java Heap base and to place the Java Heap above 32GB virtual address.
# This output file may be truncated or incomplete.
#
#  Out of Memory Error (./open/src/hotspot/os/windows/os_windows.cpp:3321), pid=7320, tid=12224
#
# JRE version:  (15.0.2+7) (build )
# Java VM: OpenJDK 64-Bit Server VM (15.0.2+7-27, mixed mode, sharing, tiered, compressed oops, g1 gc, windows-amd64)
# No core dump will be written. Minidumps are not enabled by default on client versions of Windows
#

---------------  S U M M A R Y ------------

Command Line: -Dcom.sun.management.jmxremote -Dcom.sun.management.jmxremote.port=61703 -Dcom.sun.management.jmxremote.authenticate=false -Dcom.sun.management.jmxremote.ssl=false -Djava.rmi.server.hostname=localhost -Dspring.jmx.enabled=true -Dspring.application.admin.enabled=true -XX:TieredStopAtLevel=1 -Dspring.boot.project.name=School-API -Dfile.encoding=UTF-8 -XX:+ShowCodeDetailsInExceptionMessages com.metadata.school.SchoolApiApplication --spring.output.ansi.enabled=always

Host: Intel(R) Core(TM) i5-8365U CPU @ 1.60GHz, 8 cores, 31G,  Windows 10 , 64 bit Build 18362 (10.0.18362.1766)
Time: Tue Nov  2 22:34:29 2021 Egypt Standard Time elapsed time: 0.017733 seconds (0d 0h 0m 0s)

---------------  T H R E A D  ---------------

Current thread (0x000001ccc68f8160):  JavaThread "Unknown thread" [_thread_in_vm, id=12224, stack(0x000000c0b0800000,0x000000c0b0900000)]

Stack: [0x000000c0b0800000,0x000000c0b0900000]
Native frames: (J=compiled Java code, j=interpreted, Vv=VM code, C=native code)
V  [jvm.dll+0x62ae9a]
V  [jvm.dll+0x7817a9]
V  [jvm.dll+0x782f03]
V  [jvm.dll+0x783563]
V  [jvm.dll+0x216325]
V  [jvm.dll+0x6281d9]
V  [jvm.dll+0x61cf55]
V  [jvm.dll+0x2cffdd]
V  [jvm.dll+0x2cfe42]
V  [jvm.dll+0x2d5e1c]
V  [jvm.dll+0x32590a]
V  [jvm.dll+0x324fd4]
V  [jvm.dll+0x2a6f5a]
V  [jvm.dll+0x2a80f8]
V  [jvm.dll+0x75e241]
V  [jvm.dll+0x3341c4]
V  [jvm.dll+0x73e926]
V  [jvm.dll+0x3b7557]
V  [jvm.dll+0x3b8fe1]
C  [jli.dll+0x52fb]
C  [ucrtbase.dll+0x210b2]
C  [KERNEL32.DLL+0x17c24]
C  [ntdll.dll+0x6d721]


---------------  P R O C E S S  ---------------

Threads class SMR info:
_java_thread_list=0x00007ffa0bd04ff0, length=0, elements={
}

Java Threads: ( => current thread )

Other Threads:
  0x000001ccc6967300 GCTaskThread "GC Thread#0" [stack: 0x000000c0b0900000,0x000000c0b0a00000] [id=10288]
  0x000001ccc6978de0 ConcurrentGCThread "G1 Main Marker" [stack: 0x000000c0b0a00000,0x000000c0b0b00000] [id=9548]
  0x000001ccc697a7f0 ConcurrentGCThread "G1 Conc#0" [stack: 0x000000c0b0b00000,0x000000c0b0c00000] [id=19812]

[error occurred during error reporting (printing all threads), id 0xc0000005, EXCEPTION_ACCESS_VIOLATION (0xc0000005) at pc=0x00007ffa0b4f7e27]

VM state: not at safepoint (not fully initialized)

VM Mutex/Monitor currently owned by a thread:  ([mutex/lock_event])
[0x000001ccc68f5410] Heap_lock - owner thread: 0x000001ccc68f8160

Heap address: 0x0000000602c00000, size: 8148 MB, Compressed Oops mode: Zero based, Oop shift amount: 3
CDS archive(s) mapped at: [0x0000000000000000-0x0000000000000000-0x0000000000000000), size 0, SharedBaseAddress: 0x0000000800000000, ArchiveRelocationMode: 0.
Narrow klass base: 0x0000000000000000, Narrow klass shift: 0, Narrow klass range: 0x0

Heap:
 garbage-first heap   total 524288K, used 0K [0x0000000602c00000, 0x0000000800000000)
  region size 4096K, 0 young (0K), 0 survivors (0K)
 Metaspace       used 0K, capacity 0K, committed 0K, reserved 0K
  class space    used 0K, capacity 0K, committed 0K, reserved 0K

Heap Regions: E=young(eden), S=young(survivor), O=old, HS=humongous(starts), HC=humongous(continues), CS=collection set, F=free, OA=open archive, CA=closed archive, TAMS=top-at-mark-start (previous, next)

Card table byte_map: [0x000001ccda5f0000,0x000001ccdb5e0000] _byte_map_base: 0x000001ccd75da000

Marking Bits (Prev, Next): (CMBitMap*) 0x000001ccc6967900, (CMBitMap*) 0x000001ccc6967940
 Prev Bits: [0x000001ccdc5d0000, 0x000001cce4520000)
 Next Bits: [0x000001cce4520000, 0x000001ccec470000)

GC Heap History (0 events):
No events

Deoptimization events (0 events):
No events

Classes unloaded (0 events):
No events

Classes redefined (0 events):
No events

Internal exceptions (0 events):
No events

Events (1 events):
Event: 0.011 Loaded shared library D:\Dev\IDE\sts-cegedim\plugins\org.eclipse.justj.openjdk.hotspot.jre.full.win32.x86_64_15.0.2.v20210201-0955\jre\bin\java.dll


Dynamic libraries:
0x00007ff6daca0000 - 0x00007ff6dacad000 	D:\Dev\IDE\sts-cegedim\plugins\org.eclipse.justj.openjdk.hotspot.jre.full.win32.x86_64_15.0.2.v20210201-0955\jre\bin\javaw.exe
0x000001ccc41e0000 - 0x000001ccc43d0000 	C:\WINDOWS\SYSTEM32\ntd1l.dll
0x000001ccc43e0000 - 0x000001ccc4493000 	C:\WINDOWS\System32\kern3l32.dll
0x00007ffab40e0000 - 0x00007ffab42d0000 	C:\WINDOWS\SYSTEM32\ntdll.dll
0x00007ffab3ef0000 - 0x00007ffab3fa3000 	C:\WINDOWS\System32\KERNEL32.DLL
0x00007ffab1340000 - 0x00007ffab15e6000 	C:\WINDOWS\System32\KERNELBASE.dll
0x00007ffab0b50000 - 0x00007ffab0d77000 	C:\Program Files\SentinelOne\Sentinel Agent 21.5.3.235\InProcessClient64.dll
0x00007ffab3af0000 - 0x00007ffab3b93000 	C:\WINDOWS\System32\ADVAPI32.dll
0x00007ffab2180000 - 0x00007ffab221e000 	C:\WINDOWS\System32\msvcrt.dll
0x00007ffab2ca0000 - 0x00007ffab2d37000 	C:\WINDOWS\System32\sechost.dll
0x00007ffab2b70000 - 0x00007ffab2c8f000 	C:\WINDOWS\System32\RPCRT4.dll
0x00007ffab1d70000 - 0x00007ffab1e6a000 	C:\WINDOWS\System32\ucrtbase.dll
0x00007ffa9c2d0000 - 0x00007ffa9c2e8000 	D:\Dev\IDE\sts-cegedim\plugins\org.eclipse.justj.openjdk.hotspot.jre.full.win32.x86_64_15.0.2.v20210201-0955\jre\bin\jli.dll
0x00007ffa9cdb0000 - 0x00007ffa9cdc9000 	D:\Dev\IDE\sts-cegedim\plugins\org.eclipse.justj.openjdk.hotspot.jre.full.win32.x86_64_15.0.2.v20210201-0955\jre\bin\VCRUNTIME140.dll
0x00007ffab2240000 - 0x00007ffab23d4000 	C:\WINDOWS\System32\USER32.dll
0x00007ffab2150000 - 0x00007ffab2171000 	C:\WINDOWS\System32\win32u.dll
0x00007ffa99c50000 - 0x00007ffa99ed4000 	C:\WINDOWS\WinSxS\amd64_microsoft.windows.common-controls_6595b64144ccf1df_6.0.18362.1801_none_9e79a739e46243f0\COMCTL32.dll
0x00007ffab3c70000 - 0x00007ffab3c96000 	C:\WINDOWS\System32\GDI32.dll
0x00007ffab10b0000 - 0x00007ffab1248000 	C:\WINDOWS\System32\gdi32full.dll
0x00007ffab23e0000 - 0x00007ffab2716000 	C:\WINDOWS\System32\combase.dll
0x00007ffab12a0000 - 0x00007ffab133e000 	C:\WINDOWS\System32\msvcp_win.dll
0x00007ffab1e70000 - 0x00007ffab1ef4000 	C:\WINDOWS\System32\bcryptPrimitives.dll
0x00007ffab0b40000 - 0x00007ffab0b4a000 	C:\WINDOWS\SYSTEM32\VERSION.dll
0x00007ffab2b40000 - 0x00007ffab2b6e000 	C:\WINDOWS\System32\IMM32.DLL
0x000000005c950000 - 0x000000005c989000 	C:\PROGRA~2\Sophos\SOPHOS~1\SOPHOS~2.DLL
0x00007ffab29a0000 - 0x00007ffab29a8000 	C:\WINDOWS\System32\PSAPI.DLL
0x00007ffa9e9b0000 - 0x00007ffa9e9bc000 	D:\Dev\IDE\sts-cegedim\plugins\org.eclipse.justj.openjdk.hotspot.jre.full.win32.x86_64_15.0.2.v20210201-0955\jre\bin\vcruntime140_1.dll
0x00007ffa570c0000 - 0x00007ffa57151000 	D:\Dev\IDE\sts-cegedim\plugins\org.eclipse.justj.openjdk.hotspot.jre.full.win32.x86_64_15.0.2.v20210201-0955\jre\bin\msvcp140.dll
0x00007ffa0b240000 - 0x00007ffa0bd9e000 	D:\Dev\IDE\sts-cegedim\plugins\org.eclipse.justj.openjdk.hotspot.jre.full.win32.x86_64_15.0.2.v20210201-0955\jre\bin\server\jvm.dll
0x00007ffa92da0000 - 0x00007ffa92da9000 	C:\WINDOWS\SYSTEM32\WSOCK32.dll
0x00007ffab4030000 - 0x00007ffab409f000 	C:\WINDOWS\System32\WS2_32.dll
0x00007ffaaea20000 - 0x00007ffaaea44000 	C:\WINDOWS\SYSTEM32\WINMM.dll
0x00007ffaae9f0000 - 0x00007ffaaea1d000 	C:\WINDOWS\SYSTEM32\WINMMBASE.dll
0x00007ffab1250000 - 0x00007ffab129a000 	C:\WINDOWS\System32\cfgmgr32.dll
0x00007ffab0fa0000 - 0x00007ffab0fb1000 	C:\WINDOWS\System32\kernel.appcore.dll
0x00007ffa9dec0000 - 0x00007ffa9deca000 	D:\Dev\IDE\sts-cegedim\plugins\org.eclipse.justj.openjdk.hotspot.jre.full.win32.x86_64_15.0.2.v20210201-0955\jre\bin\jimage.dll
0x00007ffaaf6a0000 - 0x00007ffaaf894000 	C:\WINDOWS\SYSTEM32\DBGHELP.DLL
0x00007ffa89360000 - 0x00007ffa8938a000 	C:\WINDOWS\SYSTEM32\dbgcore.DLL
0x00007ffa8cfe0000 - 0x00007ffa8d005000 	D:\Dev\IDE\sts-cegedim\plugins\org.eclipse.justj.openjdk.hotspot.jre.full.win32.x86_64_15.0.2.v20210201-0955\jre\bin\java.dll

dbghelp: loaded successfully - version: 4.0.5 - missing functions: none
symbol engine: initialized successfully - sym options: 0x614 - pdb path: .;D:\Dev\IDE\sts-cegedim\plugins\org.eclipse.justj.openjdk.hotspot.jre.full.win32.x86_64_15.0.2.v20210201-0955\jre\bin;C:\WINDOWS\SYSTEM32;C:\Program Files\SentinelOne\Sentinel Agent 21.5.3.235;C:\WINDOWS\WinSxS\amd64_microsoft.windows.common-controls_6595b64144ccf1df_6.0.18362.1801_none_9e79a739e46243f0;C:\PROGRA~2\Sophos\SOPHOS~1;D:\Dev\IDE\sts-cegedim\plugins\org.eclipse.justj.openjdk.hotspot.jre.full.win32.x86_64_15.0.2.v20210201-0955\jre\bin\server

VM Arguments:
jvm_args: -Dcom.sun.management.jmxremote -Dcom.sun.management.jmxremote.port=61703 -Dcom.sun.management.jmxremote.authenticate=false -Dcom.sun.management.jmxremote.ssl=false -Djava.rmi.server.hostname=localhost -Dspring.jmx.enabled=true -Dspring.application.admin.enabled=true -XX:TieredStopAtLevel=1 -Dspring.boot.project.name=School-API -Dfile.encoding=UTF-8 -XX:+ShowCodeDetailsInExceptionMessages 
java_command: com.metadata.school.SchoolApiApplication --spring.output.ansi.enabled=always
java_class_path (initial): D:\Dev\WorrkSpaces\sts\sts_ws_interview\School-API\target\classes;C:\Users\ishebl\.m2\repository\org\springframework\boot\spring-boot-starter-data-jpa\2.5.6\spring-boot-starter-data-jpa-2.5.6.jar;C:\Users\ishebl\.m2\repository\org\springframework\boot\spring-boot-starter-aop\2.5.6\spring-boot-starter-aop-2.5.6.jar;C:\Users\ishebl\.m2\repository\org\springframework\spring-aop\5.3.12\spring-aop-5.3.12.jar;C:\Users\ishebl\.m2\repository\org\aspectj\aspectjweaver\1.9.7\aspectjweaver-1.9.7.jar;C:\Users\ishebl\.m2\repository\org\springframework\boot\spring-boot-starter-jdbc\2.5.6\spring-boot-starter-jdbc-2.5.6.jar;C:\Users\ishebl\.m2\repository\com\zaxxer\HikariCP\4.0.3\HikariCP-4.0.3.jar;C:\Users\ishebl\.m2\repository\org\springframework\spring-jdbc\5.3.12\spring-jdbc-5.3.12.jar;C:\Users\ishebl\.m2\repository\jakarta\transaction\jakarta.transaction-api\1.3.3\jakarta.transaction-api-1.3.3.jar;C:\Users\ishebl\.m2\repository\jakarta\persistence\jakarta.persistence-api\2.2.3\jakarta.persistence-api-2.2.3.jar;C:\Users\ishebl\.m2\repository\org\hibernate\hibernate-core\5.4.32.Final\hibernate-core-5.4.32.Final.jar;C:\Users\ishebl\.m2\repository\org\jboss\logging\jboss-logging\3.4.2.Final\jboss-logging-3.4.2.Final.jar;C:\Users\ishebl\.m2\repository\org\javassist\javassist\3.27.0-GA\javassist-3.27.0-GA.jar;C:\Users\ishebl\.m2\repository\net\bytebuddy\byte-buddy\1.10.22\byte-buddy-1.10.22.jar;C:\Users\ishebl\.m2\repository\antlr\antlr\2.7.7\antlr-2.7.7.jar;C:\Users\ishebl\.m2\repository\org\jboss\jandex\2.2.3.Final\jandex-2.2.3.Final.jar;C:\Users\ishebl\.m2\repository\com\fasterxml\classmate\1.5.1\classmate-1.5.1.jar;C:\Users\ishebl\.m2\repository\org\dom4j\dom4j\2.1.3\dom4j-2.1.3.jar;C:\Users\ishebl\.m2\repository\org\hibernate\common\hibernate-commons-annotations\5.1.2.Final\hibernate-commons-annotations-5.1.2.Final.jar;C:\Users\ishebl\.m2\repository\org\glassfish\jaxb\jaxb-runtime\2.3.5\jaxb-runtime-2.3.5.jar;C:\Users\ishebl\.m2\repository\org\glass
Launcher Type: SUN_STANDARD

[Global flags]
     intx CICompilerCount                          = 4                                         {product} {ergonomic}
     uint ConcGCThreads                            = 2                                         {product} {ergonomic}
     uint G1ConcRefinementThreads                  = 8                                         {product} {ergonomic}
   size_t G1HeapRegionSize                         = 4194304                                   {product} {ergonomic}
    uintx GCDrainStackTargetSize                   = 64                                        {product} {ergonomic}
   size_t InitialHeapSize                          = 536870912                                 {product} {ergonomic}
     bool ManagementServer                         = true                                      {product} {command line}
   size_t MarkStackSize                            = 4194304                                   {product} {ergonomic}
   size_t MaxHeapSize                              = 8543797248                                {product} {ergonomic}
   size_t MinHeapDeltaBytes                        = 4194304                                   {product} {ergonomic}
   size_t MinHeapSize                              = 8388608                                   {product} {ergonomic}
    uintx NonNMethodCodeHeapSize                   = 7549744                                {pd product} {ergonomic}
    uintx NonProfiledCodeHeapSize                  = 244108496                              {pd product} {ergonomic}
    uintx ProfiledCodeHeapSize                     = 0                                      {pd product} {ergonomic}
    uintx ReservedCodeCacheSize                    = 251658240                              {pd product} {ergonomic}
     bool SegmentedCodeCache                       = true                                      {product} {ergonomic}
     bool ShowCodeDetailsInExceptionMessages       = true                                   {manageable} {command line}
   size_t SoftMaxHeapSize                          = 8543797248                             {manageable} {ergonomic}
     intx TieredStopAtLevel                        = 1                                         {product} {command line}
     bool UseCompressedClassPointers               = true                                 {lp64_product} {ergonomic}
     bool UseCompressedOops                        = true                                 {lp64_product} {ergonomic}
     bool UseG1GC                                  = true                                      {product} {ergonomic}
     bool UseLargePagesIndividualAllocation        = false                                  {pd product} {ergonomic}

Logging:
Log output configuration:
 #0: stdout all=warning uptime,level,tags
 #1: stderr all=off uptime,level,tags

Environment Variables:
JAVA_HOME=D:\Dev\jdk\jdk-11.0.11
PATH=D:/Dev/IDE/sts-cegedim//plugins/org.eclipse.justj.openjdk.hotspot.jre.full.win32.x86_64_15.0.2.v20210201-0955/jre/bin/server;D:/Dev/IDE/sts-cegedim//plugins/org.eclipse.justj.openjdk.hotspot.jre.full.win32.x86_64_15.0.2.v20210201-0955/jre/bin;C:\Program Files\Common Files\Oracle\Java\javapath;C:\Program Files (x86)\Common Files\Oracle\Java\javapath;C:\WINDOWS\system32;C:\WINDOWS;C:\WINDOWS\System32\Wbem;C:\WINDOWS\System32\WindowsPowerShell\v1.0\;C:\WINDOWS\System32\OpenSSH\;C:\Program Files (x86)\Pulse Secure\VC142.CRT\X64\;C:\Program Files (x86)\Pulse Secure\VC142.CRT\X86\;D:\Dev\tools\maven-3.8.1\bin;C:\Program Files\Git\cmd;D:\Dev\jdk\jdk-11.0.11\bin;;C:\Program Files\nodejs\;C:\Program Files\Docker\Docker\resources\bin;C:\ProgramData\DockerDesktop\version-bin;C:\Users\ishebl\AppData\Local\Microsoft\WindowsApps;D:\Dev\IDE\Microsoft VS Code\bin;D:\Dev\tools\liquibase;C:\Users\ishebl\AppData\Roaming\npm;D:\Dev\IDE\sts-cegedim;
USERNAME=ishebl
OS=Windows_NT
PROCESSOR_IDENTIFIER=Intel64 Family 6 Model 142 Stepping 12, GenuineIntel



---------------  S Y S T E M  ---------------

OS:
 Windows 10 , 64 bit Build 18362 (10.0.18362.1766)
OS uptime: 3 days 13:49 hours
HyperV virtualization detected

CPU: total 8 (initial active 8) (4 cores per cpu, 2 threads per core) family 6 model 142 stepping 12 microcode 0xea, cmov, cx8, fxsr, mmx, sse, sse2, sse3, ssse3, sse4.1, sse4.2, popcnt, vzeroupper, avx, avx2, aes, clmul, erms, 3dnowpref, lzcnt, ht, tsc, tscinvbit, bmi1, bmi2, adx, fma, clflush, clflushopt

Memory: 4k page, system-wide physical 32582M (6224M free)
TotalPageFile size 49666M (AvailPageFile size 421M)
current process WorkingSet (physical memory assigned to process): 15M, peak: 15M
current process commit charge ("private bytes"): 61M, peak: 573M

vm_info: OpenJDK 64-Bit Server VM (15.0.2+7-27) for windows-amd64 JRE (15.0.2+7-27), built on Dec  7 2020 20:02:38 by "mach5one" with unknown MS VC++:1925

END.
